<?xml version="1.0" encoding="UTF-8"?>
<!-- Generated by org.testng.reporters.JUnitReportReporter -->
<testsuite hostname="LAPTOP-J11C14AH" failures="0" tests="3" name="seleniumPKG.window_10_Chrome_Selenium" time="152.093" errors="0" timestamp="2025-01-29T17:41:44 IST" skipped="0">
  <testcase classname="seleniumPKG.window_10_Chrome_Selenium" name="testSimpleFormDemo" time="60.358"/>
  <system-out/>
  <testcase classname="seleniumPKG.window_10_Chrome_Selenium" name="testDragAndDropSlider" time="61.232"/>
  <system-out/>
  <testcase classname="seleniumPKG.window_10_Chrome_Selenium" name="testInputFormSubmit" time="30.503"/>
  <system-out/>
</testsuite> <!-- seleniumPKG.window_10_Chrome_Selenium -->
