<?xml version="1.0" encoding="UTF-8"?>
<!-- Generated by org.testng.reporters.JUnitReportReporter -->
<testsuite hostname="LAPTOP-J11C14AH" failures="0" tests="3" name="seleniumPKG.window_10_FFox_Selenium" time="168.938" errors="0" timestamp="2025-01-29T17:41:44 IST" skipped="0">
  <testcase classname="seleniumPKG.window_10_FFox_Selenium" name="testSimpleFormDemo" time="45.998"/>
  <system-out/>
  <testcase classname="seleniumPKG.window_10_FFox_Selenium" name="testDragAndDropSlider" time="53.681"/>
  <system-out/>
  <testcase classname="seleniumPKG.window_10_FFox_Selenium" name="testInputFormSubmit" time="69.259"/>
  <system-out/>
</testsuite> <!-- seleniumPKG.window_10_FFox_Selenium -->
